<?xml version="1.0" encoding="UTF-8"?>
<testng-results ignored="0" total="1" passed="1" failed="0" skipped="0">
  <reporter-output>
  </reporter-output>
  <suite started-at="2020-12-06T13:52:04 CST" name="Default suite" finished-at="2020-12-06T13:52:26 CST" duration-ms="22590">
    <groups>
    </groups>
    <test started-at="2020-12-06T13:52:04 CST" name="Default test" finished-at="2020-12-06T13:52:26 CST" duration-ms="22590">
      <class name="allState.Login">
        <test-method is-config="true" signature="LoginSite()[pri:0, instance:allState.Login@672872e1]" started-at="2020-12-06T13:52:04 CST" name="LoginSite" finished-at="2020-12-06T13:52:16 CST" duration-ms="12340" status="PASS">
          <reporter-output>
          </reporter-output>
        </test-method> <!-- LoginSite -->
        <test-method signature="LoginButton()[pri:0, instance:allState.Login@672872e1]" started-at="2020-12-06T13:52:16 CST" name="LoginButton" finished-at="2020-12-06T13:52:26 CST" duration-ms="10219" status="PASS">
          <reporter-output>
          </reporter-output>
        </test-method> <!-- LoginButton -->
      </class> <!-- allState.Login -->
    </test> <!-- Default test -->
  </suite> <!-- Default suite -->
</testng-results>
